2025-05-13 23:26:43,740 - semgrep.notifications - WARNING - METRICS: Using configs from the Registry (like --config=p/ci) reports pseudonymous rule metrics to semgrep.dev.
To disable Registry rule metrics, use "--metrics=off".
Using configs only from local files (like --config=xyz.yml) does not enable metrics.

More information: https://semgrep.dev/docs/metrics

2025-05-13 23:26:43,742 - semgrep.run_scan - DEBUG - semgrep version 1.2.0
2025-05-13 23:26:43,767 - semgrep.git - DEBUG - Failed to get project url from 'git ls-remote': Command failed with exit code: 128
-----
Command failed with output:
fatal: No remote configured to list refs from.


Failed to run 'git ls-remote --get-url'. Possible reasons:

- the git binary is not available
- the current working directory is not a git repository
- the baseline commit is not a parent of the current commit
    (if you are running through semgrep-app, check if you are setting `SEMGREP_BRANCH` or `SEMGREP_BASELINE_COMMIT` properly)
- the current working directory is not marked as safe
    (fix with `git config --global --add safe.directory $(pwd)`)

Try running the command yourself to debug the issue.
2025-05-13 23:26:43,768 - semgrep.config_resolver - DEBUG - Loading local config from /home/runner/workspace/.config/.semgrep/semgrep_rules.json
2025-05-13 23:26:43,772 - semgrep.config_resolver - DEBUG - Done loading local config from /home/runner/workspace/.config/.semgrep/semgrep_rules.json
2025-05-13 23:26:43,777 - semgrep.config_resolver - DEBUG - Saving rules to /tmp/semgrep-tyyw37ib.rules
2025-05-13 23:26:44,164 - semgrep.semgrep_core - DEBUG - Failed to open resource semgrep-core-proprietary: [Errno 2] No such file or directory: '/tmp/_MEIn1bITB/semgrep/bin/semgrep-core-proprietary'.
2025-05-13 23:26:45,187 - semgrep.rule_lang - DEBUG - semgrep-core validation response: valid=True
2025-05-13 23:26:45,187 - semgrep.rule_lang - DEBUG - semgrep-core validation succeeded
2025-05-13 23:26:45,188 - semgrep.rule_lang - DEBUG - RPC validation succeeded
2025-05-13 23:26:45,188 - semgrep.config_resolver - DEBUG - loaded 1 configs in 1.4205598831176758
2025-05-13 23:26:45,519 - semgrep.run_scan - VERBOSE - running 1250 rules from 1 config /home/runner/workspace/.config/.semgrep/semgrep_rules.json_0
2025-05-13 23:26:45,520 - semgrep.run_scan - VERBOSE - No .semgrepignore found. Using default .semgrepignore rules. See the docs for the list of default ignores: https://semgrep.dev/docs/cli-usage/#ignore-files
2025-05-13 23:26:45,524 - semgrep.run_scan - VERBOSE - Rules:
2025-05-13 23:26:45,524 - semgrep.run_scan - VERBOSE - <SKIPPED DATA (too many entries; use --max-log-list-entries)>
2025-05-13 23:26:46,265 - semgrep.core_runner - DEBUG - Passing whole rules directly to semgrep_core
2025-05-13 23:26:46,644 - semgrep.core_runner - DEBUG - Running Semgrep engine with command:
2025-05-13 23:26:46,645 - semgrep.core_runner - DEBUG - /tmp/_MEIn1bITB/semgrep/bin/opengrep-core -json -rules /tmp/tmp38rvxfte.json -j 8 -targets /tmp/tmpff1sz6ca -timeout 5 -timeout_threshold 3 -max_memory 0 -fast
2025-05-13 23:26:54,793 - semgrep.core_runner - DEBUG - --- semgrep-core stderr ---
[00.10][[34mINFO[0m]: Executed as: /tmp/_MEIn1bITB/semgrep/bin/opengrep-core -json -rules /tmp/tmp38rvxfte.json -j 8 -targets /tmp/tmpff1sz6ca -timeout 5 -timeout_threshold 3 -max_memory 0 -fast
[00.10][[34mINFO[0m]: Version: 1.2.0
[00.10][[34mINFO[0m]: Parsing rules in /tmp/tmp38rvxfte.json
[01.20][[34mINFO[0m]: scan: processing 354 files (skipping 0), with 487 rules (skipping 0 )
[03.16][[33mWARNING[0m]: Fixpoint timeout while performing taint analysis [rule: config..semgrep.vendored-rules.javascript.express.security.injection.raw-html-format file: server/routes.ts func: registerRoutes:1484]
[0m[04.03][[33mWARNING[0m]: Fixpoint timeout while performing taint analysis [rule: config..semgrep.vendored-rules.javascript.lang.security.audit.unsafe-formatstring file: client/src/components/dashboard/ChecklistEditor.tsx func: ???]
[0m[04.20][[33mWARNING[0m]: Fixpoint timeout while performing taint analysis [rule: config..semgrep.vendored-rules.javascript.express.security.audit.xss.direct-response-write file: server/routes.ts func: registerRoutes:1484]
[0m[04.24][[33mWARNING[0m]: Fixpoint timeout while performing taint analysis [rule: config..semgrep.vendored-rules.javascript.lang.security.audit.detect-non-literal-require file: client/src/components/dashboard/ChecklistEditor.tsx func: ???]
[0m[04.64][[33mWARNING[0m]: Fixpoint timeout while performing taint analysis [rule: config..semgrep.vendored-rules.javascript.lang.security.audit.detect-non-literal-fs-filename file: client/src/components/dashboard/ChecklistEditor.tsx func: ???]
[0m[05.12][[33mWARNING[0m]: Fixpoint timeout while performing taint analysis [rule: config..semgrep.vendored-rules.javascript.express.security.x-frame-options-misconfiguration file: server/routes.ts func: registerRoutes:1484]
[0m[05.53][[33mWARNING[0m]: Fixpoint timeout while performing taint analysis [rule: config..semgrep.vendored-rules.javascript.express.security.require-request file: server/routes.ts func: registerRoutes:1484]
[0m[05.93][[33mWARNING[0m]: Fixpoint timeout while performing taint analysis [rule: config..semgrep.vendored-rules.javascript.express.security.require-request file: server/routes.ts func: registerRoutes:1484]
[0m[06.45][[33mWARNING[0m]: Fixpoint timeout while performing taint analysis [rule: config..semgrep.vendored-rules.javascript.express.security.cors-misconfiguration file: server/routes.ts func: registerRoutes:1484]
[0m[06.92][[33mWARNING[0m]: Fixpoint timeout while performing taint analysis [rule: config..semgrep.vendored-rules.javascript.express.security.cors-misconfiguration file: server/routes.ts func: registerRoutes:1484]
[0m[06.97][[33mWARNING[0m]: Fixpoint timeout while performing taint analysis [rule: config..semgrep.vendored-rules.javascript.lang.security.audit.detect-non-literal-require file: client/src/components/modals/ShareLinkModal.tsx func: ShareLinkModal:28730]
[0m[06.97][[33mWARNING[0m]: Fixpoint timeout while performing taint analysis [rule: config..semgrep.vendored-rules.javascript.lang.security.audit.detect-non-literal-require file: client/src/components/modals/ShareLinkModal.tsx func: ShareLinkModal:28730]
[0m[06.97][[33mWARNING[0m]: Fixpoint timeout while performing taint analysis [rule: config..semgrep.vendored-rules.javascript.lang.security.audit.detect-non-literal-require file: client/src/components/ui/sidebar.tsx func: ???]
[0m[08.10][[34mINFO[0m]: Custom ignore pattern: None
[08.10][[34mINFO[0m]: Custom ignore pattern: None
--- end semgrep-core stderr ---
2025-05-13 23:26:54,801 - semgrep.rule_match - DEBUG - match_key = ('', PosixPath('client/index.html'), 'config..semgrep.vendored-rules.html.security.audit.missing-integrity') match_id = 0ee74fd49637bebe183eca7188dbde26e386314e62cc2e7ba1ee60b377b638243fcd84e6c6fa04886198ccacfa6a711bfbcc61a28f9ddc913d5b3c53083cbc90_0
2025-05-13 23:26:54,801 - semgrep.rule_match - DEBUG - match_key = (' type="text/javascript" src="https://replit.com/public/js/replit-dev-banner.js" (?is).*integrity= (google-analytics\\.com|fonts\\.googleapis\\.com|fonts\\.gstatic\\.com|googletagmanager\\.com) .*rel\\s*=\\s*[\'"]?preconnect.* href="... :// ..." href="//..." href=\'... :// ...\' href=\'//...\' src="... :// ..." src="//..." src=\'... :// ...\' src=\'//...\' <link  type="text/javascript" src="https://replit.com/public/js/replit-dev-banner.js" > <script  type="text/javascript" src="https://replit.com/public/js/replit-dev-banner.js" >...</script>', PosixPath('client/index.html'), 'config..semgrep.vendored-rules.html.security.audit.missing-integrity') match_id = 0728b64e224596592d04447ba8a642ff94e1fb9fcc07be26d49dc7e7f6898e638ad16ffcaca086932c58f4c6400fe32603323afef02cf9bfebcb0e4a53562a40_0
2025-05-13 23:26:54,802 - semgrep.rule_match - DEBUG - match_key = (' type="text/javascript" src="https://replit.com/public/js/replit-dev-banner.js" (?is).*integrity= (google-analytics\\.com|fonts\\.googleapis\\.com|fonts\\.gstatic\\.com|googletagmanager\\.com) .*rel\\s*=\\s*[\'"]?preconnect.* href="... :// ..." href="//..." href=\'... :// ...\' href=\'//...\' src="... :// ..." src="//..." src=\'... :// ...\' src=\'//...\' <link  type="text/javascript" src="https://replit.com/public/js/replit-dev-banner.js" > <script  type="text/javascript" src="https://replit.com/public/js/replit-dev-banner.js" >...</script>', PosixPath('client/index.html'), 'config..semgrep.vendored-rules.html.security.audit.missing-integrity') match_id = 0728b64e224596592d04447ba8a642ff94e1fb9fcc07be26d49dc7e7f6898e638ad16ffcaca086932c58f4c6400fe32603323afef02cf9bfebcb0e4a53562a40_0
2025-05-13 23:26:54,802 - semgrep.rule_match - DEBUG - match_key = (' type="text/javascript" src="https://replit.com/public/js/replit-dev-banner.js" (?is).*integrity= (google-analytics\\.com|fonts\\.googleapis\\.com|fonts\\.gstatic\\.com|googletagmanager\\.com) .*rel\\s*=\\s*[\'"]?preconnect.* href="... :// ..." href="//..." href=\'... :// ...\' href=\'//...\' src="... :// ..." src="//..." src=\'... :// ...\' src=\'//...\' <link  type="text/javascript" src="https://replit.com/public/js/replit-dev-banner.js" > <script  type="text/javascript" src="https://replit.com/public/js/replit-dev-banner.js" >...</script>', PosixPath('client/index.html'), 'config..semgrep.vendored-rules.html.security.audit.missing-integrity') match_id = 0728b64e224596592d04447ba8a642ff94e1fb9fcc07be26d49dc7e7f6898e638ad16ffcaca086932c58f4c6400fe32603323afef02cf9bfebcb0e4a53562a40_0
2025-05-13 23:26:54,803 - semgrep.rule_match - DEBUG - match_key = ('', PosixPath('client/src/lib/queryClient.ts'), 'config..semgrep.vendored-rules.javascript.lang.security.audit.unsafe-formatstring') match_id = 37fb4f5b35ad6aa056d6f0ce56ce24e394a686ee4a197c0c17c2ba58da9a8f2a5c4e30542c5db4df3306bb8ce2afc85d93269072fb72a6397a91fc3e8ee5b157_0
2025-05-13 23:26:54,803 - semgrep.rule_match - DEBUG - match_key = ('"..." + "..."\n $X + $Y $X.concat($Y) `...${...}...`\n $X.concat("...")\n `API Request to url: $UTIL = require(\'util\')\n...\n $UTIL.format(`API Request to url:,bodyData,...)\n console.log(`API Request to url:,bodyData,...)\n', PosixPath('client/src/lib/queryClient.ts'), 'config..semgrep.vendored-rules.javascript.lang.security.audit.unsafe-formatstring') match_id = ebda2d99dba63787855b85b6e3ccdaa345eb064dcebecc11bd483bb57aec46ccbace3e1b90f9b6134c29c8505e8096606d94b5ba55bc18f21774ff634af6eb69_0
2025-05-13 23:26:54,804 - semgrep.rule_match - DEBUG - match_key = ('"..." + "..."\n $X + $Y $X.concat($Y) `...${...}...`\n $X.concat("...")\n `API Request to url: $UTIL = require(\'util\')\n...\n $UTIL.format(`API Request to url:,bodyData,...)\n console.log(`API Request to url:,bodyData,...)\n', PosixPath('client/src/lib/queryClient.ts'), 'config..semgrep.vendored-rules.javascript.lang.security.audit.unsafe-formatstring') match_id = ebda2d99dba63787855b85b6e3ccdaa345eb064dcebecc11bd483bb57aec46ccbace3e1b90f9b6134c29c8505e8096606d94b5ba55bc18f21774ff634af6eb69_0
2025-05-13 23:26:54,804 - semgrep.rule_match - DEBUG - match_key = ('"..." + "..."\n $X + $Y $X.concat($Y) `...${...}...`\n $X.concat("...")\n `API Request to url: $UTIL = require(\'util\')\n...\n $UTIL.format(`API Request to url:,bodyData,...)\n console.log(`API Request to url:,bodyData,...)\n', PosixPath('client/src/lib/queryClient.ts'), 'config..semgrep.vendored-rules.javascript.lang.security.audit.unsafe-formatstring') match_id = ebda2d99dba63787855b85b6e3ccdaa345eb064dcebecc11bd483bb57aec46ccbace3e1b90f9b6134c29c8505e8096606d94b5ba55bc18f21774ff634af6eb69_0
2025-05-13 23:26:54,805 - semgrep.rule_match - DEBUG - match_key = ('', PosixPath('client/src/lib/queryClient.ts'), 'config..semgrep.vendored-rules.javascript.lang.security.audit.unsafe-formatstring') match_id = 37fb4f5b35ad6aa056d6f0ce56ce24e394a686ee4a197c0c17c2ba58da9a8f2a5c4e30542c5db4df3306bb8ce2afc85d93269072fb72a6397a91fc3e8ee5b157_0
2025-05-13 23:26:54,805 - semgrep.rule_match - DEBUG - match_key = ('"..." + "..."\n $X + $Y $X.concat($Y) `...${...}...`\n $X.concat("...")\n `API Request to url (unparseable body) $UTIL = require(\'util\')\n...\n $UTIL.format(`API Request to url (unparseable body),options.body,...)\n console.log(`API Request to url (unparseable body),options.body,...)\n', PosixPath('client/src/lib/queryClient.ts'), 'config..semgrep.vendored-rules.javascript.lang.security.audit.unsafe-formatstring') match_id = 57ea99e73e78971b2976c42f410548755f2230a370d78d49356e17373b393e028e7d28c8b89aa18fae0a19c1e0257a404bc021ee758dd948eb7777ae84aa79ed_0
2025-05-13 23:26:54,805 - semgrep.rule_match - DEBUG - match_key = ('"..." + "..."\n $X + $Y $X.concat($Y) `...${...}...`\n $X.concat("...")\n `API Request to url (unparseable body) $UTIL = require(\'util\')\n...\n $UTIL.format(`API Request to url (unparseable body),options.body,...)\n console.log(`API Request to url (unparseable body),options.body,...)\n', PosixPath('client/src/lib/queryClient.ts'), 'config..semgrep.vendored-rules.javascript.lang.security.audit.unsafe-formatstring') match_id = 57ea99e73e78971b2976c42f410548755f2230a370d78d49356e17373b393e028e7d28c8b89aa18fae0a19c1e0257a404bc021ee758dd948eb7777ae84aa79ed_0
2025-05-13 23:26:54,806 - semgrep.rule_match - DEBUG - match_key = ('"..." + "..."\n $X + $Y $X.concat($Y) `...${...}...`\n $X.concat("...")\n `API Request to url (unparseable body) $UTIL = require(\'util\')\n...\n $UTIL.format(`API Request to url (unparseable body),options.body,...)\n console.log(`API Request to url (unparseable body),options.body,...)\n', PosixPath('client/src/lib/queryClient.ts'), 'config..semgrep.vendored-rules.javascript.lang.security.audit.unsafe-formatstring') match_id = 57ea99e73e78971b2976c42f410548755f2230a370d78d49356e17373b393e028e7d28c8b89aa18fae0a19c1e0257a404bc021ee758dd948eb7777ae84aa79ed_0
2025-05-13 23:26:54,808 - semgrep.core_runner - DEBUG - semgrep ran in 0:00:08.543194 on 126 files
2025-05-13 23:26:54,810 - semgrep.core_runner - DEBUG - findings summary: 1 warning, 0 error, 2 info
2025-05-13 23:26:54,814 - semgrep.app.auth - DEBUG - Getting API token from settings file
2025-05-13 23:26:54,814 - semgrep.app.auth - DEBUG - No API token found in settings file
2025-05-13 23:26:54,814 - semgrep.semgrep_core - DEBUG - Failed to open resource semgrep-core-proprietary: [Errno 2] No such file or directory: '/tmp/_MEIn1bITB/semgrep/bin/semgrep-core-proprietary'.
2025-05-13 23:26:54,916 - semgrep.output - VERBOSE - 
========================================
Files skipped:
========================================

  Always skipped by Opengrep:

   • <none>

  Skipped by .gitignore:
  (Disable by passing --no-git-ignore)

   • <all files not listed by `git ls-files` were skipped>

  Skipped by .semgrepignore:
  - https://semgrep.dev/docs/ignoring-files-folders-code/#understand-semgrep-defaults

   • <none>

  Skipped by --include patterns:

   • <none>

  Skipped by --exclude patterns:

   • <none>

  Files skipped due to insufficient read permissions:

   • <none>

  Skipped by limiting to files smaller than 1000000 bytes:
  (Adjust with the --max-target-bytes flag)

   • <none>

  Partially analyzed due to parsing or internal Opengrep errors

   • tailwind.config.ts (1 lines skipped)

2025-05-13 23:26:54,917 - semgrep.output - INFO - Some files were skipped or only partially analyzed.
  Scan was limited to files tracked by git.
  Partially scanned: 1 files only partially analyzed due to parsing or internal Opengrep errors

Ran 443 rules on 126 files: 3 findings.
2025-05-13 23:26:54,917 - semgrep.app.version - DEBUG - Version cache does not exist
2025-05-13 23:26:54,937 - semgrep.metrics - VERBOSE - Not sending pseudonymous metrics since metrics are configured to OFF and registry usage is False
